<?xml version="1.0" encoding="UTF-8"?>
<testsuite name="com.MenuTest" tests="9" skipped="0" failures="0" errors="0" timestamp="2018-06-17T20:34:00" hostname="Merces-MBP" time="0.026">
  <properties/>
  <testcase name="showMenuEnterCharThenOk" classname="com.MenuTest" time="0.004"/>
  <testcase name="changeSymbolHumanHumanCharThenSameThenOk" classname="com.MenuTest" time="0.001"/>
  <testcase name="changeSymbolHumanHumanHigherThenTrim" classname="com.MenuTest" time="0.002"/>
  <testcase name="changeNameHumanHumanCharThenOk" classname="com.MenuTest" time="0.001"/>
  <testcase name="showMenuComputerComputerAndEnterValidValueAndTie" classname="com.MenuTest" time="0.013"/>
  <testcase name="choosePlayerOpponentCharThenOkThenExit" classname="com.MenuTest" time="0.001"/>
  <testcase name="showMenuEnterHigherThenOk" classname="com.MenuTest" time="0.001"/>
  <testcase name="chooseComputerOpponentHigherThenOkThenExit" classname="com.MenuTest" time="0.001"/>
  <testcase name="changeNameHumanHumanHigherThenOk" classname="com.MenuTest" time="0.001"/>
  <system-out><![CDATA[Enter "1" to play against another Player or "2" to play against the Computer or "3" to watch Computer playing against Computer
Enter new name for Player 1
Enter "1" to play against another Player or "2" to play against the Computer or "3" to watch Computer playing against Computer
Enter "1" to play against another Player or "2" to play against the Computer or "3" to watch Computer playing against Computer
Enter "1" to play against another Player or "2" to play against the Computer or "3" to watch Computer playing against Computer
Enter "1" to play against another Player or "2" to play against the Computer or "3" to watch Computer playing against Computer
Enter "1" to play against another Player or "2" to play against the Computer or "3" to watch Computer playing against Computer
Enter "1" to play against another Player or "2" to play against the Computer or "3" to watch Computer playing against Computer
Enter new name for Player 2
]]></system-out>
  <system-err><![CDATA[]]></system-err>
</testsuite>
