<?xml version="1.0" encoding="UTF-8"?>
<testsuite name="players.HumanTest" tests="5" skipped="0" failures="0" errors="0" timestamp="2018-06-11T19:16:46" hostname="Merces-MBP" time="0.009">
  <properties/>
  <testcase name="ChangeNameItsDifferentThanTheOpponent" classname="players.HumanTest" time="0.007"/>
  <testcase name="TrimsSymbolIfHasMoreThan1Char" classname="players.HumanTest" time="0.001"/>
  <testcase name="CantChangeNameItsTheSameOneAsTheOpponent" classname="players.HumanTest" time="0.0"/>
  <testcase name="ChangeSymbolItsDifferentThanTheOpponent" classname="players.HumanTest" time="0.001"/>
  <testcase name="CantChangeSymbolItsTheSameOneAsTheOpponent" classname="players.HumanTest" time="0.0"/>
  <system-out><![CDATA[Enter new name for John
Name changed to Sophie
Note: We have trimmed your Symbol as it can only contain one character
Symbol changed to P
Enter new name for John
The name you are trying to change is the same one as your opponent's name: Tom
Symbol changed to S
The symbol you are trying to change is the same one as your opponent's symbol: Tom
]]></system-out>
  <system-err><![CDATA[]]></system-err>
</testsuite>
