<?xml version="1.0" encoding="UTF-8"?>
<testsuite name="players.HumanTest" tests="9" skipped="0" failures="0" errors="0" timestamp="2018-06-15T18:43:25" hostname="Merces-MBP" time="0.033">
  <properties/>
  <testcase name="getSpotHumanValidated" classname="players.HumanTest" time="0.016"/>
  <testcase name="numberAlreadyUsed" classname="players.HumanTest" time="0.004"/>
  <testcase name="ChangeNameItsDifferentThanTheOpponent" classname="players.HumanTest" time="0.002"/>
  <testcase name="spotGreaterThanMax" classname="players.HumanTest" time="0.002"/>
  <testcase name="TrimsSymbolIfHasMoreThan1Char" classname="players.HumanTest" time="0.001"/>
  <testcase name="spotLetter" classname="players.HumanTest" time="0.001"/>
  <testcase name="CantChangeNameItsTheSameOneAsTheOpponent" classname="players.HumanTest" time="0.001"/>
  <testcase name="ChangeSymbolItsDifferentThanTheOpponent" classname="players.HumanTest" time="0.001"/>
  <testcase name="CantChangeSymbolItsTheSameOneAsTheOpponent" classname="players.HumanTest" time="0.0"/>
  <system-out><![CDATA[Enter new name for John
Enter new name for John
]]></system-out>
  <system-err><![CDATA[]]></system-err>
</testsuite>
