<?xml version="1.0" encoding="UTF-8"?>
<testsuite name="players.HumanTest" tests="8" skipped="0" failures="0" errors="0" timestamp="2018-06-13T15:58:50" hostname="Merces-MacBook-Pro.local" time="0.064">
  <properties/>
  <testcase name="getSpotHumanValidated" classname="players.HumanTest" time="0.041"/>
  <testcase name="CantChangeNameItsSpace" classname="players.HumanTest" time="0.015"/>
  <testcase name="ChangeNameItsDifferentThanTheOpponent" classname="players.HumanTest" time="0.0"/>
  <testcase name="TrimsSymbolIfHasMoreThan1Char" classname="players.HumanTest" time="0.001"/>
  <testcase name="CantChangeSymbolItsSpace" classname="players.HumanTest" time="0.001"/>
  <testcase name="CantChangeNameItsTheSameOneAsTheOpponent" classname="players.HumanTest" time="0.001"/>
  <testcase name="ChangeSymbolItsDifferentThanTheOpponent" classname="players.HumanTest" time="0.001"/>
  <testcase name="CantChangeSymbolItsTheSameOneAsTheOpponent" classname="players.HumanTest" time="0.001"/>
  <system-out><![CDATA[Enter new name for John
Enter new name for John
]]></system-out>
  <system-err><![CDATA[]]></system-err>
</testsuite>
