<?xml version="1.0" encoding="UTF-8"?>
<testsuite name="game.LineTest" tests="7" skipped="0" failures="0" errors="0" timestamp="2018-06-13T15:58:50" hostname="Merces-MacBook-Pro.local" time="0.004">
  <properties/>
  <testcase name="playerWinsALine" classname="game.LineTest" time="0.0"/>
  <testcase name="playerLoseALine" classname="game.LineTest" time="0.0"/>
  <testcase name="ClaimingTheLastCellWinsTheLine" classname="game.LineTest" time="0.001"/>
  <testcase name="CellsSymbolBelongsToPlayer" classname="game.LineTest" time="0.0"/>
  <testcase name="playerDontHaveALineYet" classname="game.LineTest" time="0.0"/>
  <testcase name="CellsSymbolDoesntBelongToPlayer" classname="game.LineTest" time="0.0"/>
  <testcase name="anEmptyLineHasntWon" classname="game.LineTest" time="0.0"/>
  <system-out><![CDATA[]]></system-out>
  <system-err><![CDATA[]]></system-err>
</testsuite>
