<?xml version="1.0" encoding="UTF-8"?>
<testsuite name="game.GameTest" tests="17" skipped="0" failures="0" errors="0" timestamp="2018-06-13T11:46:17" hostname="Merces-MacBook-Pro.local" time="0.021">
  <properties/>
  <testcase name="SetASpotInACell" classname="game.GameTest" time="0.001"/>
  <testcase name="PlayerChoosesToPlayAgain" classname="game.GameTest" time="0.001"/>
  <testcase name="NextPlayerIfPlayer1sTurn" classname="game.GameTest" time="0.001"/>
  <testcase name="NextPlayerIfPlayer2sTurn" classname="game.GameTest" time="0.001"/>
  <testcase name="PlayersOptionComputerComputer" classname="game.GameTest" time="0.001"/>
  <testcase name="InputUserNumHigherThanMaxWhenAskPlayerStartFirst" classname="game.GameTest" time="0.001"/>
  <testcase name="PlayersOptionHumanHuman" classname="game.GameTest" time="0.0"/>
  <testcase name="FinalAnnouncemntsPlayer1Wins" classname="game.GameTest" time="0.001"/>
  <testcase name="FinalAnnouncemntsPlayer2Wins" classname="game.GameTest" time="0.001"/>
  <testcase name="FinalAnnouncemntsIsTie" classname="game.GameTest" time="0.001"/>
  <testcase name="PlayersOptionHumanComputer" classname="game.GameTest" time="0.0"/>
  <testcase name="Player1StartsFirst" classname="game.GameTest" time="0.001"/>
  <testcase name="PlayerChoosesToQuit" classname="game.GameTest" time="0.001"/>
  <testcase name="Player2StartsFirst" classname="game.GameTest" time="0.001"/>
  <testcase name="InputUserCharWhenAskQuitOrPlay" classname="game.GameTest" time="0.001"/>
  <testcase name="InputUserLetterWhenAskPlayerStartFirst" classname="game.GameTest" time="0.001"/>
  <testcase name="InputUserNumHigherThanMaxWhenAskQuitOrPlay" classname="game.GameTest" time="0.001"/>
  <system-out><![CDATA[]]></system-out>
  <system-err><![CDATA[]]></system-err>
</testsuite>
