<?xml version="1.0" encoding="UTF-8"?>
<testsuite name="com.MenuTest" tests="5" skipped="0" failures="0" errors="0" timestamp="2018-06-16T10:31:02" hostname="Merces-MBP" time="0.026">
  <properties/>
  <testcase name="showMenuIfplayer1IsComputerAndEnterValidValueAndTie" classname="com.MenuTest" time="0.021"/>
  <testcase name="changeSymbolHumanHumanCharThenSameThenOk" classname="com.MenuTest" time="0.001"/>
  <testcase name="changeSymbolHumanHumanHigherThenTrim" classname="com.MenuTest" time="0.001"/>
  <testcase name="changeNameHumanHumanCharThenOk" classname="com.MenuTest" time="0.001"/>
  <testcase name="changeNameHumanHumanHigherThenOk" classname="com.MenuTest" time="0.001"/>
  <system-out><![CDATA[Enter "1" to play against another Player or "2" to play against the Computer or "3" to watch Computer playing against Computer
Enter new name for Player 1
Enter new name for Player 2
]]></system-out>
  <system-err><![CDATA[]]></system-err>
</testsuite>
